<?xml version="1.0" encoding="UTF-8"?>
<!-- Generated by org.testng.reporters.JUnitReportReporter -->
<testsuite hostname="LAPTOP-LDMPBUNP" name="com.crm.qa.testcases.LoginPageTest" tests="2" failures="0" timestamp="25 Feb 2020 03:21:16 GMT" time="51.523" errors="0">
  <testcase name="loginTest" time="24.577" classname="com.crm.qa.testcases.LoginPageTest"/>
  <testcase name="loginPageTitleTest" time="26.946" classname="com.crm.qa.testcases.LoginPageTest"/>
</testsuite> <!-- com.crm.qa.testcases.LoginPageTest -->
