<?xml version="1.0" encoding="UTF-8"?>
<!-- Generated by org.testng.reporters.JUnitReportReporter -->
<testsuite hostname="LAPTOP-LDMPBUNP" name="com.crm.qa.testcases.HomePageTest" tests="3" failures="0" timestamp="25 Feb 2020 03:21:16 GMT" time="67.454" errors="0">
  <testcase name="verifyHomePageTitleTest" time="19.805" classname="com.crm.qa.testcases.HomePageTest"/>
  <testcase name="verifyUserNameTest" time="23.535" classname="com.crm.qa.testcases.HomePageTest"/>
  <testcase name="verifyContactsLinkTest" time="24.114" classname="com.crm.qa.testcases.HomePageTest"/>
</testsuite> <!-- com.crm.qa.testcases.HomePageTest -->
