<?xml version="1.0" encoding="UTF-8"?>
<!-- Generated by org.testng.reporters.JUnitReportReporter -->
<testsuite hostname="LAPTOP-LDMPBUNP" name="com.crm.qa.testcases.LoginPageTest" tests="2" failures="0" timestamp="25 Feb 2020 07:39:48 GMT" time="45.182" errors="0">
  <testcase name="loginPageTitleTest" time="24.026" classname="com.crm.qa.testcases.LoginPageTest"/>
  <testcase name="loginTest" time="21.156" classname="com.crm.qa.testcases.LoginPageTest"/>
</testsuite> <!-- com.crm.qa.testcases.LoginPageTest -->
